[debug] [2026-06-30T11:31:52.293Z] ----------------------------------------------------------------------
[debug] [2026-06-30T11:31:52.515Z] Command:       C:\Program Files\nodejs\node.exe C:\Users\amala\AppData\Roaming\npm\node_modules\firebase-tools\lib\bin\firebase.js deploy --only functions
[debug] [2026-06-30T11:31:52.525Z] CLI Version:   15.22.3
[debug] [2026-06-30T11:31:52.526Z] Platform:      win32
[debug] [2026-06-30T11:31:52.526Z] Node Version:  v24.12.0
[debug] [2026-06-30T11:31:52.526Z] Detected Agent: unknown
[debug] [2026-06-30T11:31:52.527Z] Time:          Tue Jun 30 2026 12:31:52 GMT+0100 (British Summer Time)
[debug] [2026-06-30T11:31:52.527Z] ----------------------------------------------------------------------
[debug] 
[debug] [2026-06-30T11:31:58.455Z] > command requires scopes: ["email","openid","https://www.googleapis.com/auth/cloudplatformprojects.readonly","https://www.googleapis.com/auth/firebase","https://www.googleapis.com/auth/cloud-platform"]
[debug] [2026-06-30T11:31:58.456Z] > authorizing via signed-in user (ayra.a@ferromaps.com)
[debug] [2026-06-30T11:31:58.456Z] [iam] checking project ferro-maps-staging-v2 for permissions ["cloudfunctions.functions.create","cloudfunctions.functions.delete","cloudfunctions.functions.get","cloudfunctions.functions.list","cloudfunctions.functions.update","cloudfunctions.operations.get","firebase.projects.get"]
[debug] [2026-06-30T11:31:58.458Z] Checked if tokens are valid: true, expires at: 1782820700169
[debug] [2026-06-30T11:31:58.458Z] Checked if tokens are valid: true, expires at: 1782820700169
[debug] [2026-06-30T11:31:58.459Z] >>> [apiv2][query] POST https://cloudresourcemanager.googleapis.com/v1/projects/ferro-maps-staging-v2:testIamPermissions [none]
[debug] [2026-06-30T11:31:58.459Z] >>> [apiv2][(partial)header] POST https://cloudresourcemanager.googleapis.com/v1/projects/ferro-maps-staging-v2:testIamPermissions  x-goog-user-project=ferro-maps-staging-v2
[debug] [2026-06-30T11:31:58.460Z] >>> [apiv2][body] POST https://cloudresourcemanager.googleapis.com/v1/projects/ferro-maps-staging-v2:testIamPermissions {"permissions":["cloudfunctions.functions.create","cloudfunctions.functions.delete","cloudfunctions.functions.get","cloudfunctions.functions.list","cloudfunctions.functions.update","cloudfunctions.operations.get","firebase.projects.get"]}
[debug] [2026-06-30T11:31:59.193Z] <<< [apiv2][status] POST https://cloudresourcemanager.googleapis.com/v1/projects/ferro-maps-staging-v2:testIamPermissions 200
[debug] [2026-06-30T11:31:59.193Z] <<< [apiv2][body] POST https://cloudresourcemanager.googleapis.com/v1/projects/ferro-maps-staging-v2:testIamPermissions {"permissions":["cloudfunctions.functions.create","cloudfunctions.functions.delete","cloudfunctions.functions.get","cloudfunctions.functions.list","cloudfunctions.functions.update","cloudfunctions.operations.get","firebase.projects.get"]}
[debug] [2026-06-30T11:31:59.194Z] Checked if tokens are valid: true, expires at: 1782820700169
[debug] [2026-06-30T11:31:59.194Z] Checked if tokens are valid: true, expires at: 1782820700169
[debug] [2026-06-30T11:31:59.194Z] >>> [apiv2][query] POST https://iam.googleapis.com/v1/projects/ferro-maps-staging-v2/serviceAccounts/ferro-maps-staging-v2@appspot.gserviceaccount.com:testIamPermissions [none]
[debug] [2026-06-30T11:31:59.194Z] >>> [apiv2][body] POST https://iam.googleapis.com/v1/projects/ferro-maps-staging-v2/serviceAccounts/ferro-maps-staging-v2@appspot.gserviceaccount.com:testIamPermissions {"permissions":["iam.serviceAccounts.actAs"]}
[debug] [2026-06-30T11:31:59.833Z] <<< [apiv2][status] POST https://iam.googleapis.com/v1/projects/ferro-maps-staging-v2/serviceAccounts/ferro-maps-staging-v2@appspot.gserviceaccount.com:testIamPermissions 200
[debug] [2026-06-30T11:31:59.833Z] <<< [apiv2][body] POST https://iam.googleapis.com/v1/projects/ferro-maps-staging-v2/serviceAccounts/ferro-maps-staging-v2@appspot.gserviceaccount.com:testIamPermissions {"permissions":["iam.serviceAccounts.actAs"]}
[info] 
[info] === Deploying to 'ferro-maps-staging-v2'...
[info] 
[info] i  deploying functions 
[info] Running command: npm --prefix "$RESOURCE_DIR" run lint
[info] Running command: npm --prefix "$RESOURCE_DIR" run build
[info] +  functions: Finished running predeploy script. 
[debug] [2026-06-30T11:32:15.052Z] Checked if tokens are valid: true, expires at: 1782820700169
[debug] [2026-06-30T11:32:15.052Z] Checked if tokens are valid: true, expires at: 1782820700169
[debug] [2026-06-30T11:32:15.052Z] >>> [apiv2][query] GET https://cloudresourcemanager.googleapis.com/v1/projects/ferro-maps-staging-v2 [none]
[debug] [2026-06-30T11:32:15.681Z] <<< [apiv2][status] GET https://cloudresourcemanager.googleapis.com/v1/projects/ferro-maps-staging-v2 200
[debug] [2026-06-30T11:32:15.681Z] <<< [apiv2][body] GET https://cloudresourcemanager.googleapis.com/v1/projects/ferro-maps-staging-v2 {"projectNumber":"112345365785","projectId":"ferro-maps-staging-v2","lifecycleState":"ACTIVE","name":"ferro-maps-staging-v2","labels":{"firebase":"enabled","firebase-core":"disabled"},"createTime":"2026-05-26T17:39:19.332Z","parent":{"type":"organization","id":"216754982708"}}
[info] i  functions: preparing codebase default for deployment 
[info] i  functions: ensuring required API cloudfunctions.googleapis.com is enabled... 
[info] i  functions: ensuring required API cloudbuild.googleapis.com is enabled... 
[debug] [2026-06-30T11:32:15.685Z] Checked if tokens are valid: true, expires at: 1782820700169
[debug] [2026-06-30T11:32:15.685Z] Checked if tokens are valid: true, expires at: 1782820700169
[info] i  artifactregistry: ensuring required API artifactregistry.googleapis.com is enabled... 
[debug] [2026-06-30T11:32:15.686Z] Checked if tokens are valid: true, expires at: 1782820700169
[debug] [2026-06-30T11:32:15.686Z] Checked if tokens are valid: true, expires at: 1782820700169
[debug] [2026-06-30T11:32:15.686Z] >>> [apiv2][query] GET https://serviceusage.googleapis.com/v1/projects/ferro-maps-staging-v2/services/cloudbuild.googleapis.com [none]
[debug] [2026-06-30T11:32:15.686Z] >>> [apiv2][(partial)header] GET https://serviceusage.googleapis.com/v1/projects/ferro-maps-staging-v2/services/cloudbuild.googleapis.com  x-goog-user-project=ferro-maps-staging-v2
[debug] [2026-06-30T11:32:15.689Z] >>> [apiv2][query] GET https://serviceusage.googleapis.com/v1/projects/ferro-maps-staging-v2/services/artifactregistry.googleapis.com [none]
[debug] [2026-06-30T11:32:15.689Z] >>> [apiv2][(partial)header] GET https://serviceusage.googleapis.com/v1/projects/ferro-maps-staging-v2/services/artifactregistry.googleapis.com  x-goog-user-project=ferro-maps-staging-v2
[debug] [2026-06-30T11:32:16.498Z] <<< [apiv2][status] GET https://serviceusage.googleapis.com/v1/projects/ferro-maps-staging-v2/services/cloudbuild.googleapis.com 200
[debug] [2026-06-30T11:32:16.498Z] <<< [apiv2][body] GET https://serviceusage.googleapis.com/v1/projects/ferro-maps-staging-v2/services/cloudbuild.googleapis.com [omitted]
[info] +  functions: required API cloudbuild.googleapis.com is enabled 
[debug] [2026-06-30T11:32:16.507Z] <<< [apiv2][status] GET https://serviceusage.googleapis.com/v1/projects/ferro-maps-staging-v2/services/artifactregistry.googleapis.com 200
[debug] [2026-06-30T11:32:16.508Z] <<< [apiv2][body] GET https://serviceusage.googleapis.com/v1/projects/ferro-maps-staging-v2/services/artifactregistry.googleapis.com [omitted]
[info] +  artifactregistry: required API artifactregistry.googleapis.com is enabled 
[debug] [2026-06-30T11:32:16.513Z] Checked if tokens are valid: true, expires at: 1782820700169
[debug] [2026-06-30T11:32:16.514Z] Checked if tokens are valid: true, expires at: 1782820700169
[debug] [2026-06-30T11:32:16.514Z] >>> [apiv2][query] GET https://firebase.googleapis.com/v1beta1/projects/ferro-maps-staging-v2/adminSdkConfig [none]
[debug] [2026-06-30T11:32:17.245Z] <<< [apiv2][status] GET https://firebase.googleapis.com/v1beta1/projects/ferro-maps-staging-v2/adminSdkConfig 200
[debug] [2026-06-30T11:32:17.245Z] <<< [apiv2][body] GET https://firebase.googleapis.com/v1beta1/projects/ferro-maps-staging-v2/adminSdkConfig {"projectId":"ferro-maps-staging-v2","storageBucket":"ferro-maps-staging-v2.firebasestorage.app"}
[debug] [2026-06-30T11:32:17.248Z] Validating nodejs source
[debug] [2026-06-30T11:32:19.959Z] > [functions] package.json contents: {
  "name": "functions",
  "scripts": {
    "lint": "eslint --ext .js,.ts .",
    "build": "tsc",
    "build:watch": "tsc --watch",
    "serve": "npm run build && firebase emulators:start --only functions",
    "shell": "npm run build && firebase functions:shell",
    "start": "npm run shell",
    "deploy": "firebase deploy --only functions",
    "logs": "firebase functions:log"
  },
  "engines": {
    "node": "24"
  },
  "main": "lib/index.js",
  "dependencies": {
    "@sendgrid/mail": "^8.1.6",
    "firebase-admin": "^13.6.0",
    "firebase-functions": "^7.0.0"
  },
  "devDependencies": {
    "@typescript-eslint/eslint-plugin": "^5.12.0",
    "@typescript-eslint/parser": "^5.12.0",
    "eslint": "^8.9.0",
    "eslint-config-google": "^0.14.0",
    "eslint-plugin-import": "^2.25.4",
    "firebase-functions-test": "^3.4.1",
    "typescript": "^6.0.0"
  },
  "private": true
}
[debug] [2026-06-30T11:32:19.959Z] Building nodejs source
[info] i  functions: Loading and analyzing source code for codebase default to determine what to deploy 
[debug] [2026-06-30T11:32:19.961Z] Could not find functions.yaml. Must use http discovery
[debug] [2026-06-30T11:32:19.976Z] Found firebase-functions binary at 'C:\Users\amala\Documents\FERRO\ferro-maps-web\functions\node_modules\.bin\firebase-functions'
[info] Serving at port 8464

[debug] [2026-06-30T11:32:22.103Z] Got response from /__/functions.yaml {"endpoints":{"onNewTicket":{"availableMemoryMb":null,"timeoutSeconds":null,"minInstances":null,"maxInstances":10,"ingressSettings":null,"concurrency":null,"serviceAccountEmail":null,"vpc":null,"platform":"gcfv2","region":["europe-west2"],"secretEnvironmentVariables":[{"key":"SENDGRID_API_KEY"}],"labels":{},"eventTrigger":{"eventType":"google.cloud.firestore.document.v1.created","eventFilters":{"database":"(default)","namespace":"(default)"},"eventFilterPathPatterns":{"document":"supportRequests/{ticketId}"},"retry":false},"entryPoint":"onNewTicket"},"onTicketUpdated":{"availableMemoryMb":null,"timeoutSeconds":null,"minInstances":null,"maxInstances":10,"ingressSettings":null,"concurrency":null,"serviceAccountEmail":null,"vpc":null,"platform":"gcfv2","region":["europe-west2"],"secretEnvironmentVariables":[{"key":"SENDGRID_API_KEY"}],"labels":{},"eventTrigger":{"eventType":"google.cloud.firestore.document.v1.updated","eventFilters":{"database":"(default)","namespace":"(default)"},"eventFilterPathPatterns":{"document":"supportRequests/{ticketId}"},"retry":false},"entryPoint":"onTicketUpdated"}},"specVersion":"v1alpha1","requiredAPIs":[],"extensions":{},"params":[{"type":"secret","name":"SENDGRID_API_KEY"}]}
[debug] [2026-06-30T11:32:26.175Z] Checked if tokens are valid: true, expires at: 1782820700169
[debug] [2026-06-30T11:32:26.175Z] Checked if tokens are valid: true, expires at: 1782820700169
[debug] [2026-06-30T11:32:26.175Z] >>> [apiv2][query] GET https://cloudfunctions.googleapis.com/v1/projects/ferro-maps-staging-v2/locations/-/functions [none]
[debug] [2026-06-30T11:32:26.945Z] <<< [apiv2][status] GET https://cloudfunctions.googleapis.com/v1/projects/ferro-maps-staging-v2/locations/-/functions 200
[debug] [2026-06-30T11:32:26.945Z] <<< [apiv2][body] GET https://cloudfunctions.googleapis.com/v1/projects/ferro-maps-staging-v2/locations/-/functions {}
[debug] [2026-06-30T11:32:26.946Z] Checked if tokens are valid: true, expires at: 1782820700169
[debug] [2026-06-30T11:32:26.946Z] Checked if tokens are valid: true, expires at: 1782820700169
[debug] [2026-06-30T11:32:26.946Z] >>> [apiv2][query] GET https://cloudfunctions.googleapis.com/v2/projects/ferro-maps-staging-v2/locations/-/functions filter=environment%3D%22GEN_2%22
[debug] [2026-06-30T11:32:27.973Z] <<< [apiv2][status] GET https://cloudfunctions.googleapis.com/v2/projects/ferro-maps-staging-v2/locations/-/functions 200
[debug] [2026-06-30T11:32:27.973Z] <<< [apiv2][body] GET https://cloudfunctions.googleapis.com/v2/projects/ferro-maps-staging-v2/locations/-/functions {"functions":[{"name":"projects/ferro-maps-staging-v2/locations/europe-west2/functions/seedHotspots","buildConfig":{"build":"projects/112345365785/locations/europe-west2/builds/f2477536-c790-450d-9e23-eae816d74295","runtime":"nodejs24","entryPoint":"seedHotspots","source":{"storageSource":{"bucket":"gcf-v2-sources-112345365785-europe-west2","object":"services/seedhotspots/1780404601.384000.zip","generation":"1780404601915322"}},"environmentVariables":{"GOOGLE_NODE_RUN_SCRIPTS":""},"dockerRepository":"projects/ferro-maps-staging-v2/locations/europe-west2/repositories/gcf-artifacts","serviceAccount":"projects/ferro-maps-staging-v2/serviceAccounts/112345365785-compute@developer.gserviceaccount.com","automaticUpdatePolicy":{}},"serviceConfig":{"service":"projects/ferro-maps-staging-v2/locations/europe-west2/services/seedhotspots","timeoutSeconds":60,"environmentVariables":{"FIREBASE_CONFIG":"{\"projectId\":\"ferro-maps-staging-v2\",\"storageBucket\":\"ferro-maps-staging-v2.firebasestorage.app\"}","GCLOUD_PROJECT":"ferro-maps-staging-v2","EVENTARC_CLOUD_EVENT_SOURCE":"projects/ferro-maps-staging-v2/locations/europe-west2/services/seedHotspots","FUNCTION_TARGET":"seedHotspots","LOG_EXECUTION_ID":"true"},"maxInstanceCount":10,"ingressSettings":"ALLOW_ALL","uri":"https://seedhotspots-wgzihgxkia-nw.a.run.app","serviceAccountEmail":"112345365785-compute@developer.gserviceaccount.com","availableMemory":"256Mi","allTrafficOnLatestRevision":true,"maxInstanceRequestConcurrency":80,"availableCpu":"1"},"state":"ACTIVE","updateTime":"2026-06-01T21:54:07.921269953Z","labels":{"deployment-callable":"true","firebase-functions-hash":"cfd34b6e4660b58d803b844278d4c1111edb3f6e","deployment-tool":"cli-firebase"},"environment":"GEN_2","url":"https://europe-west2-ferro-maps-staging-v2.cloudfunctions.net/seedHotspots","satisfiesPzs":true,"createTime":"2026-06-01T21:30:48.683093006Z","satisfiesPzi":true},{"name":"projects/ferro-maps-staging-v2/locations/europe-west2/functions/checkEmailAvailable","buildConfig":{"build":"projects/112345365785/locations/europe-west2/builds/fb60e1a8-e58f-4a7a-8732-9425c503e3b0","runtime":"nodejs24","entryPoint":"checkEmailAvailable","source":{"storageSource":{"bucket":"gcf-v2-sources-112345365785-europe-west2","object":"services/checkemailavailable/1780056573.90000.zip","generation":"1780056573387860"}},"environmentVariables":{"GOOGLE_NODE_RUN_SCRIPTS":""},"dockerRepository":"projects/ferro-maps-staging-v2/locations/europe-west2/repositories/gcf-artifacts","serviceAccount":"projects/ferro-maps-staging-v2/serviceAccounts/112345365785-compute@developer.gserviceaccount.com","automaticUpdatePolicy":{}},"serviceConfig":{"service":"projects/ferro-maps-staging-v2/locations/europe-west2/services/checkemailavailable","timeoutSeconds":60,"environmentVariables":{"FIREBASE_CONFIG":"{\"projectId\":\"ferro-maps-staging-v2\",\"storageBucket\":\"ferro-maps-staging-v2.firebasestorage.app\"}","GCLOUD_PROJECT":"ferro-maps-staging-v2","EVENTARC_CLOUD_EVENT_SOURCE":"projects/ferro-maps-staging-v2/locations/europe-west2/services/checkEmailAvailable","FUNCTION_TARGET":"checkEmailAvailable","LOG_EXECUTION_ID":"true"},"maxInstanceCount":10,"ingressSettings":"ALLOW_ALL","uri":"https://checkemailavailable-wgzihgxkia-nw.a.run.app","serviceAccountEmail":"112345365785-compute@developer.gserviceaccount.com","availableMemory":"256Mi","allTrafficOnLatestRevision":true,"maxInstanceRequestConcurrency":80,"availableCpu":"1"},"state":"ACTIVE","updateTime":"2026-05-27T17:30:28.196928087Z","labels":{"deployment-callable":"true","firebase-functions-hash":"e08f1f670002edf099dca42f41db7856a48203d7","deployment-tool":"cli-firebase"},"environment":"GEN_2","url":"https://europe-west2-ferro-maps-staging-v2.cloudfunctions.net/checkEmailAvailable","satisfiesPzs":true,"createTime":"2026-05-26T20:56:51.626340685Z","satisfiesPzi":true}]}
[info] i  extensions: ensuring required API firebaseextensions.googleapis.com is enabled... 
[debug] [2026-06-30T11:32:27.979Z] Checked if tokens are valid: true, expires at: 1782820700169
[debug] [2026-06-30T11:32:27.979Z] Checked if tokens are valid: true, expires at: 1782820700169
[debug] [2026-06-30T11:32:27.979Z] >>> [apiv2][query] GET https://serviceusage.googleapis.com/v1/projects/ferro-maps-staging-v2/services/firebaseextensions.googleapis.com [none]
[debug] [2026-06-30T11:32:27.979Z] >>> [apiv2][(partial)header] GET https://serviceusage.googleapis.com/v1/projects/ferro-maps-staging-v2/services/firebaseextensions.googleapis.com  x-goog-user-project=ferro-maps-staging-v2
[debug] [2026-06-30T11:32:28.763Z] <<< [apiv2][status] GET https://serviceusage.googleapis.com/v1/projects/ferro-maps-staging-v2/services/firebaseextensions.googleapis.com 200
[debug] [2026-06-30T11:32:28.764Z] <<< [apiv2][body] GET https://serviceusage.googleapis.com/v1/projects/ferro-maps-staging-v2/services/firebaseextensions.googleapis.com [omitted]
[info] +  extensions: required API firebaseextensions.googleapis.com is enabled 
[debug] [2026-06-30T11:32:28.902Z] > command requires scopes: ["email","openid","https://www.googleapis.com/auth/cloudplatformprojects.readonly","https://www.googleapis.com/auth/firebase","https://www.googleapis.com/auth/cloud-platform"]
[debug] [2026-06-30T11:32:28.902Z] > authorizing via signed-in user (ayra.a@ferromaps.com)
[debug] [2026-06-30T11:32:28.902Z] [iam] checking project ferro-maps-staging-v2 for permissions ["firebase.projects.get","firebaseextensions.instances.list"]
[debug] [2026-06-30T11:32:28.903Z] Checked if tokens are valid: true, expires at: 1782820700169
[debug] [2026-06-30T11:32:28.903Z] Checked if tokens are valid: true, expires at: 1782820700169
[debug] [2026-06-30T11:32:28.903Z] >>> [apiv2][query] POST https://cloudresourcemanager.googleapis.com/v1/projects/ferro-maps-staging-v2:testIamPermissions [none]
[debug] [2026-06-30T11:32:28.903Z] >>> [apiv2][(partial)header] POST https://cloudresourcemanager.googleapis.com/v1/projects/ferro-maps-staging-v2:testIamPermissions  x-goog-user-project=ferro-maps-staging-v2
[debug] [2026-06-30T11:32:28.903Z] >>> [apiv2][body] POST https://cloudresourcemanager.googleapis.com/v1/projects/ferro-maps-staging-v2:testIamPermissions {"permissions":["firebase.projects.get","firebaseextensions.instances.list"]}
[debug] [2026-06-30T11:32:29.593Z] <<< [apiv2][status] POST https://cloudresourcemanager.googleapis.com/v1/projects/ferro-maps-staging-v2:testIamPermissions 200
[debug] [2026-06-30T11:32:29.593Z] <<< [apiv2][body] POST https://cloudresourcemanager.googleapis.com/v1/projects/ferro-maps-staging-v2:testIamPermissions {"permissions":["firebase.projects.get","firebaseextensions.instances.list"]}
[debug] [2026-06-30T11:32:29.594Z] Checked if tokens are valid: true, expires at: 1782820700169
[debug] [2026-06-30T11:32:29.594Z] Checked if tokens are valid: true, expires at: 1782820700169
[debug] [2026-06-30T11:32:29.594Z] >>> [apiv2][query] GET https://firebaseextensions.googleapis.com/v1beta/projects/ferro-maps-staging-v2/instances pageSize=100&pageToken=
[debug] [2026-06-30T11:32:30.328Z] <<< [apiv2][status] GET https://firebaseextensions.googleapis.com/v1beta/projects/ferro-maps-staging-v2/instances 200
[debug] [2026-06-30T11:32:30.329Z] <<< [apiv2][body] GET https://firebaseextensions.googleapis.com/v1beta/projects/ferro-maps-staging-v2/instances {}
[debug] [2026-06-30T11:32:30.331Z] Checked if tokens are valid: true, expires at: 1782820700169
[debug] [2026-06-30T11:32:30.331Z] Checked if tokens are valid: true, expires at: 1782820700169
[debug] [2026-06-30T11:32:30.331Z] >>> [apiv2][query] GET https://secretmanager.googleapis.com/v1/projects/ferro-maps-staging-v2/secrets/SENDGRID_API_KEY [none]
[debug] [2026-06-30T11:32:30.600Z] <<< [apiv2][status] GET https://secretmanager.googleapis.com/v1/projects/ferro-maps-staging-v2/secrets/SENDGRID_API_KEY 200
[debug] [2026-06-30T11:32:30.600Z] <<< [apiv2][body] GET https://secretmanager.googleapis.com/v1/projects/ferro-maps-staging-v2/secrets/SENDGRID_API_KEY {"name":"projects/112345365785/secrets/SENDGRID_API_KEY","replication":{"automatic":{}},"createTime":"2026-06-30T11:08:56.356930Z","labels":{"firebase-managed":"functions"},"etag":"\"16557699e575fb\""}
[debug] [2026-06-30T11:32:30.601Z] Checked if tokens are valid: true, expires at: 1782820700169
[debug] [2026-06-30T11:32:30.601Z] Checked if tokens are valid: true, expires at: 1782820700169
[debug] [2026-06-30T11:32:30.601Z] >>> [apiv2][query] GET https://secretmanager.googleapis.com/v1/projects/ferro-maps-staging-v2/secrets/SENDGRID_API_KEY/versions/latest [none]
[debug] [2026-06-30T11:32:30.707Z] <<< [apiv2][status] GET https://secretmanager.googleapis.com/v1/projects/ferro-maps-staging-v2/secrets/SENDGRID_API_KEY/versions/latest 200
[debug] [2026-06-30T11:32:30.707Z] <<< [apiv2][body] GET https://secretmanager.googleapis.com/v1/projects/ferro-maps-staging-v2/secrets/SENDGRID_API_KEY/versions/latest {"name":"projects/112345365785/secrets/SENDGRID_API_KEY/versions/1","createTime":"2026-06-30T11:09:27.240206Z","state":"ENABLED","replicationStatus":{"automatic":{}},"etag":"\"1655769bb7320e\""}
[info] i  functions: preparing functions directory for uploading... 
[info] i  functions: packaged C:\Users\amala\Documents\FERRO\ferro-maps-web\functions (8.38 KB) for uploading 
[debug] [2026-06-30T11:32:30.854Z] Checked if tokens are valid: true, expires at: 1782820700169
[debug] [2026-06-30T11:32:30.855Z] Checked if tokens are valid: true, expires at: 1782820700169
[debug] [2026-06-30T11:32:30.855Z] >>> [apiv2][query] GET https://firestore.googleapis.com/v1/projects/ferro-maps-staging-v2/databases/(default) [none]
[debug] [2026-06-30T11:32:30.956Z] <<< [apiv2][status] GET https://firestore.googleapis.com/v1/projects/ferro-maps-staging-v2/databases/(default) 200
[debug] [2026-06-30T11:32:30.956Z] <<< [apiv2][body] GET https://firestore.googleapis.com/v1/projects/ferro-maps-staging-v2/databases/(default) {"name":"projects/ferro-maps-staging-v2/databases/(default)","uid":"734b3df3-69f6-464f-8680-d75b99c91d82","createTime":"2026-05-26T17:46:55.887890Z","updateTime":"2026-05-26T17:46:55.887890Z","locationId":"europe-west2","type":"FIRESTORE_NATIVE","concurrencyMode":"PESSIMISTIC","versionRetentionPeriod":"3600s","earliestVersionTime":"2026-06-30T10:32:29.619335Z","appEngineIntegrationMode":"DISABLED","keyPrefix":"g","pointInTimeRecoveryEnablement":"POINT_IN_TIME_RECOVERY_DISABLED","deleteProtectionState":"DELETE_PROTECTION_DISABLED","databaseEdition":"STANDARD","freeTier":true,"realtimeUpdatesMode":"REALTIME_UPDATES_MODE_ENABLED","etag":"ILu68vDurpUDMPPy3djp2JQD"}
[info] i  functions: ensuring required API run.googleapis.com is enabled... 
[debug] [2026-06-30T11:32:30.960Z] Checked if tokens are valid: true, expires at: 1782820700169
[debug] [2026-06-30T11:32:30.960Z] Checked if tokens are valid: true, expires at: 1782820700169
[info] i  functions: ensuring required API eventarc.googleapis.com is enabled... 
[debug] [2026-06-30T11:32:30.961Z] Checked if tokens are valid: true, expires at: 1782820700169
[debug] [2026-06-30T11:32:30.961Z] Checked if tokens are valid: true, expires at: 1782820700169
[info] i  functions: ensuring required API pubsub.googleapis.com is enabled... 
[debug] [2026-06-30T11:32:30.961Z] Checked if tokens are valid: true, expires at: 1782820700169
[debug] [2026-06-30T11:32:30.961Z] Checked if tokens are valid: true, expires at: 1782820700169
[info] i  functions: ensuring required API storage.googleapis.com is enabled... 
[debug] [2026-06-30T11:32:30.962Z] Checked if tokens are valid: true, expires at: 1782820700169
[debug] [2026-06-30T11:32:30.962Z] Checked if tokens are valid: true, expires at: 1782820700169
[debug] [2026-06-30T11:32:30.962Z] >>> [apiv2][query] GET https://serviceusage.googleapis.com/v1/projects/112345365785/services/run.googleapis.com [none]
[debug] [2026-06-30T11:32:30.962Z] >>> [apiv2][(partial)header] GET https://serviceusage.googleapis.com/v1/projects/112345365785/services/run.googleapis.com  x-goog-user-project=112345365785
[debug] [2026-06-30T11:32:30.963Z] >>> [apiv2][query] GET https://serviceusage.googleapis.com/v1/projects/112345365785/services/eventarc.googleapis.com [none]
[debug] [2026-06-30T11:32:30.963Z] >>> [apiv2][(partial)header] GET https://serviceusage.googleapis.com/v1/projects/112345365785/services/eventarc.googleapis.com  x-goog-user-project=112345365785
[debug] [2026-06-30T11:32:30.965Z] >>> [apiv2][query] GET https://serviceusage.googleapis.com/v1/projects/112345365785/services/pubsub.googleapis.com [none]
[debug] [2026-06-30T11:32:30.965Z] >>> [apiv2][(partial)header] GET https://serviceusage.googleapis.com/v1/projects/112345365785/services/pubsub.googleapis.com  x-goog-user-project=112345365785
[debug] [2026-06-30T11:32:30.966Z] >>> [apiv2][query] GET https://serviceusage.googleapis.com/v1/projects/112345365785/services/storage.googleapis.com [none]
[debug] [2026-06-30T11:32:30.966Z] >>> [apiv2][(partial)header] GET https://serviceusage.googleapis.com/v1/projects/112345365785/services/storage.googleapis.com  x-goog-user-project=112345365785
[debug] [2026-06-30T11:32:31.322Z] <<< [apiv2][status] GET https://serviceusage.googleapis.com/v1/projects/112345365785/services/run.googleapis.com 200
[debug] [2026-06-30T11:32:31.322Z] <<< [apiv2][body] GET https://serviceusage.googleapis.com/v1/projects/112345365785/services/run.googleapis.com [omitted]
[info] +  functions: required API run.googleapis.com is enabled 
[debug] [2026-06-30T11:32:31.724Z] <<< [apiv2][status] GET https://serviceusage.googleapis.com/v1/projects/112345365785/services/pubsub.googleapis.com 200
[debug] [2026-06-30T11:32:31.724Z] <<< [apiv2][body] GET https://serviceusage.googleapis.com/v1/projects/112345365785/services/pubsub.googleapis.com [omitted]
[info] +  functions: required API pubsub.googleapis.com is enabled 
[debug] [2026-06-30T11:32:31.804Z] <<< [apiv2][status] GET https://serviceusage.googleapis.com/v1/projects/112345365785/services/eventarc.googleapis.com 200
[debug] [2026-06-30T11:32:31.805Z] <<< [apiv2][body] GET https://serviceusage.googleapis.com/v1/projects/112345365785/services/eventarc.googleapis.com [omitted]
[info] +  functions: required API eventarc.googleapis.com is enabled 
[debug] [2026-06-30T11:32:31.915Z] <<< [apiv2][status] GET https://serviceusage.googleapis.com/v1/projects/112345365785/services/storage.googleapis.com 200
[debug] [2026-06-30T11:32:31.915Z] <<< [apiv2][body] GET https://serviceusage.googleapis.com/v1/projects/112345365785/services/storage.googleapis.com [omitted]
[info] +  functions: required API storage.googleapis.com is enabled 
[info] i  functions: generating the service identity for pubsub.googleapis.com... 
[debug] [2026-06-30T11:32:32.001Z] Checked if tokens are valid: true, expires at: 1782820700169
[debug] [2026-06-30T11:32:32.001Z] Checked if tokens are valid: true, expires at: 1782820700169
[info] i  functions: generating the service identity for eventarc.googleapis.com... 
[debug] [2026-06-30T11:32:32.002Z] Checked if tokens are valid: true, expires at: 1782820700169
[debug] [2026-06-30T11:32:32.002Z] Checked if tokens are valid: true, expires at: 1782820700169
[debug] [2026-06-30T11:32:32.002Z] >>> [apiv2][query] POST https://serviceusage.googleapis.com/v1beta1/projects/112345365785/services/pubsub.googleapis.com:generateServiceIdentity [none]
[debug] [2026-06-30T11:32:32.002Z] >>> [apiv2][(partial)header] POST https://serviceusage.googleapis.com/v1beta1/projects/112345365785/services/pubsub.googleapis.com:generateServiceIdentity  x-goog-user-project=112345365785
[debug] [2026-06-30T11:32:32.002Z] >>> [apiv2][body] POST https://serviceusage.googleapis.com/v1beta1/projects/112345365785/services/pubsub.googleapis.com:generateServiceIdentity {}
[debug] [2026-06-30T11:32:32.003Z] >>> [apiv2][query] POST https://serviceusage.googleapis.com/v1beta1/projects/112345365785/services/eventarc.googleapis.com:generateServiceIdentity [none]
[debug] [2026-06-30T11:32:32.003Z] >>> [apiv2][(partial)header] POST https://serviceusage.googleapis.com/v1beta1/projects/112345365785/services/eventarc.googleapis.com:generateServiceIdentity  x-goog-user-project=112345365785
[debug] [2026-06-30T11:32:32.003Z] >>> [apiv2][body] POST https://serviceusage.googleapis.com/v1beta1/projects/112345365785/services/eventarc.googleapis.com:generateServiceIdentity {}
[debug] [2026-06-30T11:32:32.345Z] <<< [apiv2][status] POST https://serviceusage.googleapis.com/v1beta1/projects/112345365785/services/pubsub.googleapis.com:generateServiceIdentity 200
[debug] [2026-06-30T11:32:32.345Z] <<< [apiv2][body] POST https://serviceusage.googleapis.com/v1beta1/projects/112345365785/services/pubsub.googleapis.com:generateServiceIdentity {"name":"operations/finished.DONE_OPERATION","done":true,"response":{"@type":"type.googleapis.com/google.api.serviceusage.v1beta1.ServiceIdentity","email":"service-112345365785@gcp-sa-pubsub.iam.gserviceaccount.com","uniqueId":"113238776362604899979"}}
[debug] [2026-06-30T11:32:32.346Z] <<< [apiv2][status] POST https://serviceusage.googleapis.com/v1beta1/projects/112345365785/services/eventarc.googleapis.com:generateServiceIdentity 200
[debug] [2026-06-30T11:32:32.346Z] <<< [apiv2][body] POST https://serviceusage.googleapis.com/v1beta1/projects/112345365785/services/eventarc.googleapis.com:generateServiceIdentity {"name":"operations/finished.DONE_OPERATION","done":true,"response":{"@type":"type.googleapis.com/google.api.serviceusage.v1beta1.ServiceIdentity","email":"service-112345365785@gcp-sa-eventarc.iam.gserviceaccount.com","uniqueId":"114235392600269898092"}}
[info] i  functions: ensuring required API secretmanager.googleapis.com is enabled... 
[debug] [2026-06-30T11:32:32.347Z] Checked if tokens are valid: true, expires at: 1782820700169
[debug] [2026-06-30T11:32:32.347Z] Checked if tokens are valid: true, expires at: 1782820700169
[debug] [2026-06-30T11:32:32.347Z] >>> [apiv2][query] GET https://serviceusage.googleapis.com/v1/projects/112345365785/services/secretmanager.googleapis.com [none]
[debug] [2026-06-30T11:32:32.347Z] >>> [apiv2][(partial)header] GET https://serviceusage.googleapis.com/v1/projects/112345365785/services/secretmanager.googleapis.com  x-goog-user-project=112345365785
[debug] [2026-06-30T11:32:32.756Z] <<< [apiv2][status] GET https://serviceusage.googleapis.com/v1/projects/112345365785/services/secretmanager.googleapis.com 200
[debug] [2026-06-30T11:32:32.756Z] <<< [apiv2][body] GET https://serviceusage.googleapis.com/v1/projects/112345365785/services/secretmanager.googleapis.com [omitted]
[info] +  functions: required API secretmanager.googleapis.com is enabled 
[debug] [2026-06-30T11:32:32.780Z] Checked if tokens are valid: true, expires at: 1782820700169
[debug] [2026-06-30T11:32:32.780Z] Checked if tokens are valid: true, expires at: 1782820700169
[debug] [2026-06-30T11:32:32.781Z] >>> [apiv2][query] GET https://secretmanager.googleapis.com/v1/projects/ferro-maps-staging-v2/secrets/SENDGRID_API_KEY/versions/latest [none]
[debug] [2026-06-30T11:32:32.936Z] <<< [apiv2][status] GET https://secretmanager.googleapis.com/v1/projects/ferro-maps-staging-v2/secrets/SENDGRID_API_KEY/versions/latest 200
[debug] [2026-06-30T11:32:32.936Z] <<< [apiv2][body] GET https://secretmanager.googleapis.com/v1/projects/ferro-maps-staging-v2/secrets/SENDGRID_API_KEY/versions/latest {"name":"projects/112345365785/secrets/SENDGRID_API_KEY/versions/1","createTime":"2026-06-30T11:09:27.240206Z","state":"ENABLED","replicationStatus":{"automatic":{}},"etag":"\"1655769bb7320e\""}
[debug] [2026-06-30T11:32:32.936Z] Resolved secret version of SENDGRID_API_KEY to 1.
[debug] [2026-06-30T11:32:32.937Z] Checked if tokens are valid: true, expires at: 1782820700169
[debug] [2026-06-30T11:32:32.937Z] Checked if tokens are valid: true, expires at: 1782820700169
[debug] [2026-06-30T11:32:32.937Z] >>> [apiv2][query] GET https://compute.googleapis.com/compute/v1/projects/112345365785 [none]
[debug] [2026-06-30T11:32:33.176Z] <<< [apiv2][status] GET https://compute.googleapis.com/compute/v1/projects/112345365785 403
[debug] [2026-06-30T11:32:33.177Z] <<< [apiv2][body] GET https://compute.googleapis.com/compute/v1/projects/112345365785 {"error":{"code":403,"message":"Compute Engine API has not been used in project 112345365785 before or it is disabled. Enable it by visiting https://console.developers.google.com/apis/api/compute.googleapis.com/overview?project=112345365785 then retry. If you enabled this API recently, wait a few minutes for the action to propagate to our systems and retry.","errors":[{"message":"Compute Engine API has not been used in project 112345365785 before or it is disabled. Enable it by visiting https://console.developers.google.com/apis/api/compute.googleapis.com/overview?project=112345365785 then retry. If you enabled this API recently, wait a few minutes for the action to propagate to our systems and retry.","domain":"usageLimits","reason":"accessNotConfigured","extendedHelp":"https://console.developers.google.com"}],"status":"PERMISSION_DENIED","details":[{"@type":"type.googleapis.com/google.rpc.ErrorInfo","reason":"SERVICE_DISABLED","domain":"googleapis.com","metadata":{"consumer":"projects/112345365785","activationUrl":"https://console.developers.google.com/apis/api/compute.googleapis.com/overview?project=112345365785","serviceTitle":"Compute Engine API","service":"compute.googleapis.com","containerInfo":"112345365785"}},{"@type":"type.googleapis.com/google.rpc.LocalizedMessage","locale":"en-US","message":"Compute Engine API has not been used in project 112345365785 before or it is disabled. Enable it by visiting https://console.developers.google.com/apis/api/compute.googleapis.com/overview?project=112345365785 then retry. If you enabled this API recently, wait a few minutes for the action to propagate to our systems and retry."},{"@type":"type.googleapis.com/google.rpc.Help","links":[{"description":"Google developers console API activation","url":"https://console.developers.google.com/apis/api/compute.googleapis.com/overview?project=112345365785"}]}]}}
[debug] [2026-06-30T11:32:33.178Z] unable to look up default compute service account. Falling back to 112345365785-compute@developer.gserviceaccount.com. Error: {"name":"FirebaseError","children":[],"context":{"body":{"error":{"code":403,"message":"Compute Engine API has not been used in project 112345365785 before or it is disabled. Enable it by visiting https://console.developers.google.com/apis/api/compute.googleapis.com/overview?project=112345365785 then retry. If you enabled this API recently, wait a few minutes for the action to propagate to our systems and retry.","errors":[{"message":"Compute Engine API has not been used in project 112345365785 before or it is disabled. Enable it by visiting https://console.developers.google.com/apis/api/compute.googleapis.com/overview?project=112345365785 then retry. If you enabled this API recently, wait a few minutes for the action to propagate to our systems and retry.","domain":"usageLimits","reason":"accessNotConfigured","extendedHelp":"https://console.developers.google.com"}],"status":"PERMISSION_DENIED","details":[{"@type":"type.googleapis.com/google.rpc.ErrorInfo","reason":"SERVICE_DISABLED","domain":"googleapis.com","metadata":{"consumer":"projects/112345365785","activationUrl":"https://console.developers.google.com/apis/api/compute.googleapis.com/overview?project=112345365785","serviceTitle":"Compute Engine API","service":"compute.googleapis.com","containerInfo":"112345365785"}},{"@type":"type.googleapis.com/google.rpc.LocalizedMessage","locale":"en-US","message":"Compute Engine API has not been used in project 112345365785 before or it is disabled. Enable it by visiting https://console.developers.google.com/apis/api/compute.googleapis.com/overview?project=112345365785 then retry. If you enabled this API recently, wait a few minutes for the action to propagate to our systems and retry."},{"@type":"type.googleapis.com/google.rpc.Help","links":[{"description":"Google developers console API activation","url":"https://console.developers.google.com/apis/api/compute.googleapis.com/overview?project=112345365785"}]}]}},"response":{"statusCode":403}},"exit":1,"message":"Request to https://compute.googleapis.com/compute/v1/projects/112345365785 had HTTP Error: 403, Compute Engine API has not been used in project 112345365785 before or it is disabled. Enable it by visiting https://console.developers.google.com/apis/api/compute.googleapis.com/overview?project=112345365785 then retry. If you enabled this API recently, wait a few minutes for the action to propagate to our systems and retry.","status":403}
[debug] [2026-06-30T11:32:33.179Z] Checked if tokens are valid: true, expires at: 1782820700169
[debug] [2026-06-30T11:32:33.179Z] Checked if tokens are valid: true, expires at: 1782820700169
[debug] [2026-06-30T11:32:33.179Z] >>> [apiv2][query] POST https://cloudresourcemanager.googleapis.com/v1/projects/112345365785:getIamPolicy [none]
[debug] [2026-06-30T11:32:33.440Z] <<< [apiv2][status] POST https://cloudresourcemanager.googleapis.com/v1/projects/112345365785:getIamPolicy 200
[debug] [2026-06-30T11:32:33.440Z] <<< [apiv2][body] POST https://cloudresourcemanager.googleapis.com/v1/projects/112345365785:getIamPolicy {"version":1,"etag":"BwZVYR1xwR4=","bindings":[{"role":"roles/artifactregistry.serviceAgent","members":["serviceAccount:service-112345365785@gcp-sa-artifactregistry.iam.gserviceaccount.com"]},{"role":"roles/artifactregistry.writer","members":["serviceAccount:112345365785-compute@developer.gserviceaccount.com"]},{"role":"roles/cloudbuild.builds.builder","members":["serviceAccount:112345365785-compute@developer.gserviceaccount.com","serviceAccount:112345365785@cloudbuild.gserviceaccount.com"]},{"role":"roles/cloudbuild.serviceAgent","members":["serviceAccount:service-112345365785@gcp-sa-cloudbuild.iam.gserviceaccount.com"]},{"role":"roles/cloudconfig.admin","members":["serviceAccount:firebase-adminsdk-fbsvc@ferro-maps-staging-v2.iam.gserviceaccount.com"]},{"role":"roles/cloudfunctions.admin","members":["user:nafiu.a@ferromaps.com"]},{"role":"roles/cloudfunctions.serviceAgent","members":["serviceAccount:service-112345365785@gcf-admin-robot.iam.gserviceaccount.com"]},{"role":"roles/cloudscheduler.serviceAgent","members":["serviceAccount:service-112345365785@gcp-sa-cloudscheduler.iam.gserviceaccount.com"]},{"role":"roles/containerregistry.ServiceAgent","members":["serviceAccount:service-112345365785@containerregistry.iam.gserviceaccount.com"]},{"role":"roles/editor","members":["serviceAccount:112345365785@cloudservices.gserviceaccount.com","user:amir.z@ferromaps.com","user:mai.b@ferromaps.com","user:vitoria.f@ferromaps.com"]},{"role":"roles/firebase.managementServiceAgent","members":["serviceAccount:service-112345365785@gcp-sa-firebase.iam.gserviceaccount.com"]},{"role":"roles/firebase.sdkAdminServiceAgent","members":["serviceAccount:firebase-adminsdk-fbsvc@ferro-maps-staging-v2.iam.gserviceaccount.com"]},{"role":"roles/firebaseappcheck.admin","members":["serviceAccount:firebase-adminsdk-fbsvc@ferro-maps-staging-v2.iam.gserviceaccount.com"]},{"role":"roles/firebaseappcheck.serviceAgent","members":["serviceAccount:service-112345365785@gcp-sa-firebaseappcheck.iam.gserviceaccount.com"]},{"role":"roles/firebaseauth.admin","members":["serviceAccount:firebase-adminsdk-fbsvc@ferro-maps-staging-v2.iam.gserviceaccount.com"]},{"role":"roles/firebasedataconnect.serviceAgent","members":["serviceAccount:service-112345365785@gcp-sa-firebasedataconnect.iam.gserviceaccount.com"]},{"role":"roles/firebasemods.serviceAgent","members":["serviceAccount:service-112345365785@gcp-sa-firebasemods.iam.gserviceaccount.com"]},{"role":"roles/firebaserules.system","members":["serviceAccount:service-112345365785@firebase-rules.iam.gserviceaccount.com"]},{"role":"roles/firestore.serviceAgent","members":["serviceAccount:service-112345365785@gcp-sa-firestore.iam.gserviceaccount.com"]},{"role":"roles/iam.serviceAccountTokenCreator","members":["serviceAccount:firebase-adminsdk-fbsvc@ferro-maps-staging-v2.iam.gserviceaccount.com"]},{"role":"roles/identitytoolkit.serviceAgent","members":["serviceAccount:service-112345365785@gcp-sa-identitytoolkit.iam.gserviceaccount.com"]},{"role":"roles/logging.logWriter","members":["serviceAccount:112345365785-compute@developer.gserviceaccount.com"]},{"role":"roles/owner","members":["user:ayra.a@ferromaps.com","user:brandon.m@ferromaps.com","user:gizem.a@ferromaps.com","user:nafiu.a@ferromaps.com"]},{"role":"roles/run.developer","members":["serviceAccount:112345365785-compute@developer.gserviceaccount.com"]},{"role":"roles/run.serviceAgent","members":["serviceAccount:service-112345365785@serverless-robot-prod.iam.gserviceaccount.com"]},{"role":"roles/storage.admin","members":["serviceAccount:firebase-adminsdk-fbsvc@ferro-maps-staging-v2.iam.gserviceaccount.com"]}]}
[debug] [2026-06-30T11:32:33.441Z] Checked if tokens are valid: true, expires at: 1782820700169
[debug] [2026-06-30T11:32:33.441Z] Checked if tokens are valid: true, expires at: 1782820700169
[debug] [2026-06-30T11:32:33.441Z] >>> [apiv2][query] POST https://cloudresourcemanager.googleapis.com/v1/projects/112345365785:setIamPolicy [none]
[debug] [2026-06-30T11:32:33.441Z] >>> [apiv2][body] POST https://cloudresourcemanager.googleapis.com/v1/projects/112345365785:setIamPolicy {"policy":{"version":1,"etag":"BwZVYR1xwR4=","bindings":[{"role":"roles/artifactregistry.serviceAgent","members":["serviceAccount:service-112345365785@gcp-sa-artifactregistry.iam.gserviceaccount.com"]},{"role":"roles/artifactregistry.writer","members":["serviceAccount:112345365785-compute@developer.gserviceaccount.com"]},{"role":"roles/cloudbuild.builds.builder","members":["serviceAccount:112345365785-compute@developer.gserviceaccount.com","serviceAccount:112345365785@cloudbuild.gserviceaccount.com"]},{"role":"roles/cloudbuild.serviceAgent","members":["serviceAccount:service-112345365785@gcp-sa-cloudbuild.iam.gserviceaccount.com"]},{"role":"roles/cloudconfig.admin","members":["serviceAccount:firebase-adminsdk-fbsvc@ferro-maps-staging-v2.iam.gserviceaccount.com"]},{"role":"roles/cloudfunctions.admin","members":["user:nafiu.a@ferromaps.com"]},{"role":"roles/cloudfunctions.serviceAgent","members":["serviceAccount:service-112345365785@gcf-admin-robot.iam.gserviceaccount.com"]},{"role":"roles/cloudscheduler.serviceAgent","members":["serviceAccount:service-112345365785@gcp-sa-cloudscheduler.iam.gserviceaccount.com"]},{"role":"roles/containerregistry.ServiceAgent","members":["serviceAccount:service-112345365785@containerregistry.iam.gserviceaccount.com"]},{"role":"roles/editor","members":["serviceAccount:112345365785@cloudservices.gserviceaccount.com","user:amir.z@ferromaps.com","user:mai.b@ferromaps.com","user:vitoria.f@ferromaps.com"]},{"role":"roles/firebase.managementServiceAgent","members":["serviceAccount:service-112345365785@gcp-sa-firebase.iam.gserviceaccount.com"]},{"role":"roles/firebase.sdkAdminServiceAgent","members":["serviceAccount:firebase-adminsdk-fbsvc@ferro-maps-staging-v2.iam.gserviceaccount.com"]},{"role":"roles/firebaseappcheck.admin","members":["serviceAccount:firebase-adminsdk-fbsvc@ferro-maps-staging-v2.iam.gserviceaccount.com"]},{"role":"roles/firebaseappcheck.serviceAgent","members":["serviceAccount:service-112345365785@gcp-sa-firebaseappcheck.iam.gserviceaccount.com"]},{"role":"roles/firebaseauth.admin","members":["serviceAccount:firebase-adminsdk-fbsvc@ferro-maps-staging-v2.iam.gserviceaccount.com"]},{"role":"roles/firebasedataconnect.serviceAgent","members":["serviceAccount:service-112345365785@gcp-sa-firebasedataconnect.iam.gserviceaccount.com"]},{"role":"roles/firebasemods.serviceAgent","members":["serviceAccount:service-112345365785@gcp-sa-firebasemods.iam.gserviceaccount.com"]},{"role":"roles/firebaserules.system","members":["serviceAccount:service-112345365785@firebase-rules.iam.gserviceaccount.com"]},{"role":"roles/firestore.serviceAgent","members":["serviceAccount:service-112345365785@gcp-sa-firestore.iam.gserviceaccount.com"]},{"role":"roles/iam.serviceAccountTokenCreator","members":["serviceAccount:firebase-adminsdk-fbsvc@ferro-maps-staging-v2.iam.gserviceaccount.com","serviceAccount:service-112345365785@gcp-sa-pubsub.iam.gserviceaccount.com"]},{"role":"roles/identitytoolkit.serviceAgent","members":["serviceAccount:service-112345365785@gcp-sa-identitytoolkit.iam.gserviceaccount.com"]},{"role":"roles/logging.logWriter","members":["serviceAccount:112345365785-compute@developer.gserviceaccount.com"]},{"role":"roles/owner","members":["user:ayra.a@ferromaps.com","user:brandon.m@ferromaps.com","user:gizem.a@ferromaps.com","user:nafiu.a@ferromaps.com"]},{"role":"roles/run.developer","members":["serviceAccount:112345365785-compute@developer.gserviceaccount.com"]},{"role":"roles/run.serviceAgent","members":["serviceAccount:service-112345365785@serverless-robot-prod.iam.gserviceaccount.com"]},{"role":"roles/storage.admin","members":["serviceAccount:firebase-adminsdk-fbsvc@ferro-maps-staging-v2.iam.gserviceaccount.com"]},{"role":"roles/run.invoker","members":["serviceAccount:112345365785-compute@developer.gserviceaccount.com"]},{"role":"roles/eventarc.eventReceiver","members":["serviceAccount:112345365785-compute@developer.gserviceaccount.com"]}]},"updateMask":"bindings"}
[debug] [2026-06-30T11:32:34.705Z] <<< [apiv2][status] POST https://cloudresourcemanager.googleapis.com/v1/projects/112345365785:setIamPolicy 200
[debug] [2026-06-30T11:32:34.705Z] <<< [apiv2][body] POST https://cloudresourcemanager.googleapis.com/v1/projects/112345365785:setIamPolicy {"version":1,"etag":"BwZVdu5UvBg=","bindings":[{"role":"roles/artifactregistry.serviceAgent","members":["serviceAccount:service-112345365785@gcp-sa-artifactregistry.iam.gserviceaccount.com"]},{"role":"roles/artifactregistry.writer","members":["serviceAccount:112345365785-compute@developer.gserviceaccount.com"]},{"role":"roles/cloudbuild.builds.builder","members":["serviceAccount:112345365785-compute@developer.gserviceaccount.com","serviceAccount:112345365785@cloudbuild.gserviceaccount.com"]},{"role":"roles/cloudbuild.serviceAgent","members":["serviceAccount:service-112345365785@gcp-sa-cloudbuild.iam.gserviceaccount.com"]},{"role":"roles/cloudconfig.admin","members":["serviceAccount:firebase-adminsdk-fbsvc@ferro-maps-staging-v2.iam.gserviceaccount.com"]},{"role":"roles/cloudfunctions.admin","members":["user:nafiu.a@ferromaps.com"]},{"role":"roles/cloudfunctions.serviceAgent","members":["serviceAccount:service-112345365785@gcf-admin-robot.iam.gserviceaccount.com"]},{"role":"roles/cloudscheduler.serviceAgent","members":["serviceAccount:service-112345365785@gcp-sa-cloudscheduler.iam.gserviceaccount.com"]},{"role":"roles/containerregistry.ServiceAgent","members":["serviceAccount:service-112345365785@containerregistry.iam.gserviceaccount.com"]},{"role":"roles/editor","members":["serviceAccount:112345365785@cloudservices.gserviceaccount.com","user:amir.z@ferromaps.com","user:mai.b@ferromaps.com","user:vitoria.f@ferromaps.com"]},{"role":"roles/eventarc.eventReceiver","members":["serviceAccount:112345365785-compute@developer.gserviceaccount.com"]},{"role":"roles/firebase.managementServiceAgent","members":["serviceAccount:service-112345365785@gcp-sa-firebase.iam.gserviceaccount.com"]},{"role":"roles/firebase.sdkAdminServiceAgent","members":["serviceAccount:firebase-adminsdk-fbsvc@ferro-maps-staging-v2.iam.gserviceaccount.com"]},{"role":"roles/firebaseappcheck.admin","members":["serviceAccount:firebase-adminsdk-fbsvc@ferro-maps-staging-v2.iam.gserviceaccount.com"]},{"role":"roles/firebaseappcheck.serviceAgent","members":["serviceAccount:service-112345365785@gcp-sa-firebaseappcheck.iam.gserviceaccount.com"]},{"role":"roles/firebaseauth.admin","members":["serviceAccount:firebase-adminsdk-fbsvc@ferro-maps-staging-v2.iam.gserviceaccount.com"]},{"role":"roles/firebasedataconnect.serviceAgent","members":["serviceAccount:service-112345365785@gcp-sa-firebasedataconnect.iam.gserviceaccount.com"]},{"role":"roles/firebasemods.serviceAgent","members":["serviceAccount:service-112345365785@gcp-sa-firebasemods.iam.gserviceaccount.com"]},{"role":"roles/firebaserules.system","members":["serviceAccount:service-112345365785@firebase-rules.iam.gserviceaccount.com"]},{"role":"roles/firestore.serviceAgent","members":["serviceAccount:service-112345365785@gcp-sa-firestore.iam.gserviceaccount.com"]},{"role":"roles/iam.serviceAccountTokenCreator","members":["serviceAccount:firebase-adminsdk-fbsvc@ferro-maps-staging-v2.iam.gserviceaccount.com","serviceAccount:service-112345365785@gcp-sa-pubsub.iam.gserviceaccount.com"]},{"role":"roles/identitytoolkit.serviceAgent","members":["serviceAccount:service-112345365785@gcp-sa-identitytoolkit.iam.gserviceaccount.com"]},{"role":"roles/logging.logWriter","members":["serviceAccount:112345365785-compute@developer.gserviceaccount.com"]},{"role":"roles/owner","members":["user:ayra.a@ferromaps.com","user:brandon.m@ferromaps.com","user:gizem.a@ferromaps.com","user:nafiu.a@ferromaps.com"]},{"role":"roles/run.developer","members":["serviceAccount:112345365785-compute@developer.gserviceaccount.com"]},{"role":"roles/run.invoker","members":["serviceAccount:112345365785-compute@developer.gserviceaccount.com"]},{"role":"roles/run.serviceAgent","members":["serviceAccount:service-112345365785@serverless-robot-prod.iam.gserviceaccount.com"]},{"role":"roles/storage.admin","members":["serviceAccount:firebase-adminsdk-fbsvc@ferro-maps-staging-v2.iam.gserviceaccount.com"]}]}
[debug] [2026-06-30T11:32:34.707Z] Checked if tokens are valid: true, expires at: 1782820700169
[debug] [2026-06-30T11:32:34.707Z] Checked if tokens are valid: true, expires at: 1782820700169
[debug] [2026-06-30T11:32:34.707Z] >>> [apiv2][query] GET https://cloudresourcemanager.googleapis.com/v1/projects/ferro-maps-staging-v2 [none]
[debug] [2026-06-30T11:32:34.919Z] <<< [apiv2][status] GET https://cloudresourcemanager.googleapis.com/v1/projects/ferro-maps-staging-v2 200
[debug] [2026-06-30T11:32:34.919Z] <<< [apiv2][body] GET https://cloudresourcemanager.googleapis.com/v1/projects/ferro-maps-staging-v2 {"projectNumber":"112345365785","projectId":"ferro-maps-staging-v2","lifecycleState":"ACTIVE","name":"ferro-maps-staging-v2","labels":{"firebase":"enabled","firebase-core":"disabled"},"createTime":"2026-05-26T17:39:19.332Z","parent":{"type":"organization","id":"216754982708"}}
[debug] [2026-06-30T11:32:34.919Z] Checked if tokens are valid: true, expires at: 1782820700169
[debug] [2026-06-30T11:32:34.920Z] Checked if tokens are valid: true, expires at: 1782820700169
[debug] [2026-06-30T11:32:34.920Z] >>> [apiv2][query] GET https://compute.googleapis.com/compute/v1/projects/112345365785 [none]
[debug] [2026-06-30T11:32:35.089Z] <<< [apiv2][status] GET https://compute.googleapis.com/compute/v1/projects/112345365785 403
[debug] [2026-06-30T11:32:35.089Z] <<< [apiv2][body] GET https://compute.googleapis.com/compute/v1/projects/112345365785 {"error":{"code":403,"message":"Compute Engine API has not been used in project 112345365785 before or it is disabled. Enable it by visiting https://console.developers.google.com/apis/api/compute.googleapis.com/overview?project=112345365785 then retry. If you enabled this API recently, wait a few minutes for the action to propagate to our systems and retry.","errors":[{"message":"Compute Engine API has not been used in project 112345365785 before or it is disabled. Enable it by visiting https://console.developers.google.com/apis/api/compute.googleapis.com/overview?project=112345365785 then retry. If you enabled this API recently, wait a few minutes for the action to propagate to our systems and retry.","domain":"usageLimits","reason":"accessNotConfigured","extendedHelp":"https://console.developers.google.com"}],"status":"PERMISSION_DENIED","details":[{"@type":"type.googleapis.com/google.rpc.ErrorInfo","reason":"SERVICE_DISABLED","domain":"googleapis.com","metadata":{"consumer":"projects/112345365785","activationUrl":"https://console.developers.google.com/apis/api/compute.googleapis.com/overview?project=112345365785","serviceTitle":"Compute Engine API","containerInfo":"112345365785","service":"compute.googleapis.com"}},{"@type":"type.googleapis.com/google.rpc.LocalizedMessage","locale":"en-US","message":"Compute Engine API has not been used in project 112345365785 before or it is disabled. Enable it by visiting https://console.developers.google.com/apis/api/compute.googleapis.com/overview?project=112345365785 then retry. If you enabled this API recently, wait a few minutes for the action to propagate to our systems and retry."},{"@type":"type.googleapis.com/google.rpc.Help","links":[{"description":"Google developers console API activation","url":"https://console.developers.google.com/apis/api/compute.googleapis.com/overview?project=112345365785"}]}]}}
[debug] [2026-06-30T11:32:35.090Z] unable to look up default compute service account. Falling back to 112345365785-compute@developer.gserviceaccount.com. Error: {"name":"FirebaseError","children":[],"context":{"body":{"error":{"code":403,"message":"Compute Engine API has not been used in project 112345365785 before or it is disabled. Enable it by visiting https://console.developers.google.com/apis/api/compute.googleapis.com/overview?project=112345365785 then retry. If you enabled this API recently, wait a few minutes for the action to propagate to our systems and retry.","errors":[{"message":"Compute Engine API has not been used in project 112345365785 before or it is disabled. Enable it by visiting https://console.developers.google.com/apis/api/compute.googleapis.com/overview?project=112345365785 then retry. If you enabled this API recently, wait a few minutes for the action to propagate to our systems and retry.","domain":"usageLimits","reason":"accessNotConfigured","extendedHelp":"https://console.developers.google.com"}],"status":"PERMISSION_DENIED","details":[{"@type":"type.googleapis.com/google.rpc.ErrorInfo","reason":"SERVICE_DISABLED","domain":"googleapis.com","metadata":{"consumer":"projects/112345365785","activationUrl":"https://console.developers.google.com/apis/api/compute.googleapis.com/overview?project=112345365785","serviceTitle":"Compute Engine API","containerInfo":"112345365785","service":"compute.googleapis.com"}},{"@type":"type.googleapis.com/google.rpc.LocalizedMessage","locale":"en-US","message":"Compute Engine API has not been used in project 112345365785 before or it is disabled. Enable it by visiting https://console.developers.google.com/apis/api/compute.googleapis.com/overview?project=112345365785 then retry. If you enabled this API recently, wait a few minutes for the action to propagate to our systems and retry."},{"@type":"type.googleapis.com/google.rpc.Help","links":[{"description":"Google developers console API activation","url":"https://console.developers.google.com/apis/api/compute.googleapis.com/overview?project=112345365785"}]}]}},"response":{"statusCode":403}},"exit":1,"message":"Request to https://compute.googleapis.com/compute/v1/projects/112345365785 had HTTP Error: 403, Compute Engine API has not been used in project 112345365785 before or it is disabled. Enable it by visiting https://console.developers.google.com/apis/api/compute.googleapis.com/overview?project=112345365785 then retry. If you enabled this API recently, wait a few minutes for the action to propagate to our systems and retry.","status":403}
[debug] [2026-06-30T11:32:35.090Z] Checked if tokens are valid: true, expires at: 1782820700169
[debug] [2026-06-30T11:32:35.090Z] Checked if tokens are valid: true, expires at: 1782820700169
[debug] [2026-06-30T11:32:35.090Z] >>> [apiv2][query] GET https://compute.googleapis.com/compute/v1/projects/112345365785 [none]
[debug] [2026-06-30T11:32:35.283Z] <<< [apiv2][status] GET https://compute.googleapis.com/compute/v1/projects/112345365785 403
[debug] [2026-06-30T11:32:35.283Z] <<< [apiv2][body] GET https://compute.googleapis.com/compute/v1/projects/112345365785 {"error":{"code":403,"message":"Compute Engine API has not been used in project 112345365785 before or it is disabled. Enable it by visiting https://console.developers.google.com/apis/api/compute.googleapis.com/overview?project=112345365785 then retry. If you enabled this API recently, wait a few minutes for the action to propagate to our systems and retry.","errors":[{"message":"Compute Engine API has not been used in project 112345365785 before or it is disabled. Enable it by visiting https://console.developers.google.com/apis/api/compute.googleapis.com/overview?project=112345365785 then retry. If you enabled this API recently, wait a few minutes for the action to propagate to our systems and retry.","domain":"usageLimits","reason":"accessNotConfigured","extendedHelp":"https://console.developers.google.com"}],"status":"PERMISSION_DENIED","details":[{"@type":"type.googleapis.com/google.rpc.ErrorInfo","reason":"SERVICE_DISABLED","domain":"googleapis.com","metadata":{"activationUrl":"https://console.developers.google.com/apis/api/compute.googleapis.com/overview?project=112345365785","consumer":"projects/112345365785","serviceTitle":"Compute Engine API","service":"compute.googleapis.com","containerInfo":"112345365785"}},{"@type":"type.googleapis.com/google.rpc.LocalizedMessage","locale":"en-US","message":"Compute Engine API has not been used in project 112345365785 before or it is disabled. Enable it by visiting https://console.developers.google.com/apis/api/compute.googleapis.com/overview?project=112345365785 then retry. If you enabled this API recently, wait a few minutes for the action to propagate to our systems and retry."},{"@type":"type.googleapis.com/google.rpc.Help","links":[{"description":"Google developers console API activation","url":"https://console.developers.google.com/apis/api/compute.googleapis.com/overview?project=112345365785"}]}]}}
[debug] [2026-06-30T11:32:35.283Z] unable to look up default compute service account. Falling back to 112345365785-compute@developer.gserviceaccount.com. Error: {"name":"FirebaseError","children":[],"context":{"body":{"error":{"code":403,"message":"Compute Engine API has not been used in project 112345365785 before or it is disabled. Enable it by visiting https://console.developers.google.com/apis/api/compute.googleapis.com/overview?project=112345365785 then retry. If you enabled this API recently, wait a few minutes for the action to propagate to our systems and retry.","errors":[{"message":"Compute Engine API has not been used in project 112345365785 before or it is disabled. Enable it by visiting https://console.developers.google.com/apis/api/compute.googleapis.com/overview?project=112345365785 then retry. If you enabled this API recently, wait a few minutes for the action to propagate to our systems and retry.","domain":"usageLimits","reason":"accessNotConfigured","extendedHelp":"https://console.developers.google.com"}],"status":"PERMISSION_DENIED","details":[{"@type":"type.googleapis.com/google.rpc.ErrorInfo","reason":"SERVICE_DISABLED","domain":"googleapis.com","metadata":{"activationUrl":"https://console.developers.google.com/apis/api/compute.googleapis.com/overview?project=112345365785","consumer":"projects/112345365785","serviceTitle":"Compute Engine API","service":"compute.googleapis.com","containerInfo":"112345365785"}},{"@type":"type.googleapis.com/google.rpc.LocalizedMessage","locale":"en-US","message":"Compute Engine API has not been used in project 112345365785 before or it is disabled. Enable it by visiting https://console.developers.google.com/apis/api/compute.googleapis.com/overview?project=112345365785 then retry. If you enabled this API recently, wait a few minutes for the action to propagate to our systems and retry."},{"@type":"type.googleapis.com/google.rpc.Help","links":[{"description":"Google developers console API activation","url":"https://console.developers.google.com/apis/api/compute.googleapis.com/overview?project=112345365785"}]}]}},"response":{"statusCode":403}},"exit":1,"message":"Request to https://compute.googleapis.com/compute/v1/projects/112345365785 had HTTP Error: 403, Compute Engine API has not been used in project 112345365785 before or it is disabled. Enable it by visiting https://console.developers.google.com/apis/api/compute.googleapis.com/overview?project=112345365785 then retry. If you enabled this API recently, wait a few minutes for the action to propagate to our systems and retry.","status":403}
[info] i  functions: ensuring 112345365785-compute@developer.gserviceaccount.com access to secret SENDGRID_API_KEY. 
[debug] [2026-06-30T11:32:35.285Z] Checked if tokens are valid: true, expires at: 1782820700169
[debug] [2026-06-30T11:32:35.285Z] Checked if tokens are valid: true, expires at: 1782820700169
[debug] [2026-06-30T11:32:35.285Z] >>> [apiv2][query] GET https://secretmanager.googleapis.com/v1/projects/ferro-maps-staging-v2/secrets/SENDGRID_API_KEY:getIamPolicy [none]
[debug] [2026-06-30T11:32:35.634Z] <<< [apiv2][status] GET https://secretmanager.googleapis.com/v1/projects/ferro-maps-staging-v2/secrets/SENDGRID_API_KEY:getIamPolicy 200
[debug] [2026-06-30T11:32:35.635Z] <<< [apiv2][body] GET https://secretmanager.googleapis.com/v1/projects/ferro-maps-staging-v2/secrets/SENDGRID_API_KEY:getIamPolicy {"etag":"ACAB"}
[debug] [2026-06-30T11:32:35.635Z] Checked if tokens are valid: true, expires at: 1782820700169
[debug] [2026-06-30T11:32:35.635Z] Checked if tokens are valid: true, expires at: 1782820700169
[debug] [2026-06-30T11:32:35.635Z] >>> [apiv2][query] POST https://secretmanager.googleapis.com/v1/projects/ferro-maps-staging-v2/secrets/SENDGRID_API_KEY:setIamPolicy [none]
[debug] [2026-06-30T11:32:35.635Z] >>> [apiv2][body] POST https://secretmanager.googleapis.com/v1/projects/ferro-maps-staging-v2/secrets/SENDGRID_API_KEY:setIamPolicy {"policy":{"bindings":[{"role":"roles/secretmanager.secretAccessor","members":["serviceAccount:112345365785-compute@developer.gserviceaccount.com"]}]},"updateMask":"bindings"}
[debug] [2026-06-30T11:32:36.249Z] <<< [apiv2][status] POST https://secretmanager.googleapis.com/v1/projects/ferro-maps-staging-v2/secrets/SENDGRID_API_KEY:setIamPolicy 200
[debug] [2026-06-30T11:32:36.249Z] <<< [apiv2][body] POST https://secretmanager.googleapis.com/v1/projects/ferro-maps-staging-v2/secrets/SENDGRID_API_KEY:setIamPolicy {"version":1,"etag":"BwZVdu5r+aE=","bindings":[{"role":"roles/secretmanager.secretAccessor","members":["serviceAccount:112345365785-compute@developer.gserviceaccount.com"]}]}
[info] +  secretmanager: Granted roles/secretmanager.secretAccessor on projects/ferro-maps-staging-v2/secrets/SENDGRID_API_KEY to 112345365785-compute@developer.gserviceaccount.com 
[info] +  functions: ensured 112345365785-compute@developer.gserviceaccount.com access to SENDGRID_API_KEY. 
[debug] [2026-06-30T11:32:36.252Z] Checked if tokens are valid: true, expires at: 1782820700169
[debug] [2026-06-30T11:32:36.252Z] Checked if tokens are valid: true, expires at: 1782820700169
[debug] [2026-06-30T11:32:36.252Z] >>> [apiv2][query] GET https://serviceusage.googleapis.com/v1/projects/ferro-maps-staging-v2/services/cloudbilling.googleapis.com [none]
[debug] [2026-06-30T11:32:36.252Z] >>> [apiv2][(partial)header] GET https://serviceusage.googleapis.com/v1/projects/ferro-maps-staging-v2/services/cloudbilling.googleapis.com  x-goog-user-project=ferro-maps-staging-v2
[debug] [2026-06-30T11:32:36.658Z] <<< [apiv2][status] GET https://serviceusage.googleapis.com/v1/projects/ferro-maps-staging-v2/services/cloudbilling.googleapis.com 200
[debug] [2026-06-30T11:32:36.658Z] <<< [apiv2][body] GET https://serviceusage.googleapis.com/v1/projects/ferro-maps-staging-v2/services/cloudbilling.googleapis.com [omitted]
[debug] [2026-06-30T11:32:36.659Z] Checked if tokens are valid: true, expires at: 1782820700169
[debug] [2026-06-30T11:32:36.659Z] Checked if tokens are valid: true, expires at: 1782820700169
[debug] [2026-06-30T11:32:36.659Z] >>> [apiv2][query] POST https://serviceusage.googleapis.com/v1/projects/ferro-maps-staging-v2/services/cloudbilling.googleapis.com:enable [none]
[debug] [2026-06-30T11:32:36.659Z] >>> [apiv2][(partial)header] POST https://serviceusage.googleapis.com/v1/projects/ferro-maps-staging-v2/services/cloudbilling.googleapis.com:enable  x-goog-user-project=ferro-maps-staging-v2
[debug] [2026-06-30T11:32:37.366Z] <<< [apiv2][status] POST https://serviceusage.googleapis.com/v1/projects/ferro-maps-staging-v2/services/cloudbilling.googleapis.com:enable 200
[debug] [2026-06-30T11:32:37.367Z] <<< [apiv2][body] POST https://serviceusage.googleapis.com/v1/projects/ferro-maps-staging-v2/services/cloudbilling.googleapis.com:enable [omitted]
[debug] [2026-06-30T11:32:47.454Z] Checked if tokens are valid: true, expires at: 1782820700169
[debug] [2026-06-30T11:32:47.454Z] Checked if tokens are valid: true, expires at: 1782820700169
[debug] [2026-06-30T11:32:47.454Z] >>> [apiv2][query] GET https://cloudbilling.googleapis.com/v1/projects/ferro-maps-staging-v2/billingInfo [none]
[debug] [2026-06-30T11:32:47.454Z] >>> [apiv2][(partial)header] GET https://cloudbilling.googleapis.com/v1/projects/ferro-maps-staging-v2/billingInfo  x-goog-user-project=ferro-maps-staging-v2
[debug] [2026-06-30T11:32:47.780Z] <<< [apiv2][status] GET https://cloudbilling.googleapis.com/v1/projects/ferro-maps-staging-v2/billingInfo 200
[debug] [2026-06-30T11:32:47.781Z] <<< [apiv2][body] GET https://cloudbilling.googleapis.com/v1/projects/ferro-maps-staging-v2/billingInfo {"name":"projects/ferro-maps-staging-v2/billingInfo","projectId":"ferro-maps-staging-v2","billingAccountName":"billingAccounts/01BADA-26B25E-DDFCD3","billingEnabled":true}
[debug] [2026-06-30T11:32:47.783Z] Checked if tokens are valid: true, expires at: 1782820700169
[debug] [2026-06-30T11:32:47.783Z] Checked if tokens are valid: true, expires at: 1782820700169
[debug] [2026-06-30T11:32:47.783Z] >>> [apiv2][query] POST https://cloudfunctions.googleapis.com/v2/projects/ferro-maps-staging-v2/locations/europe-west2/functions:generateUploadUrl [none]
[debug] [2026-06-30T11:32:48.025Z] <<< [apiv2][status] POST https://cloudfunctions.googleapis.com/v2/projects/ferro-maps-staging-v2/locations/europe-west2/functions:generateUploadUrl 200
[debug] [2026-06-30T11:32:48.026Z] <<< [apiv2][body] POST https://cloudfunctions.googleapis.com/v2/projects/ferro-maps-staging-v2/locations/europe-west2/functions:generateUploadUrl {"uploadUrl":"https://storage.googleapis.com/gcf-v2-uploads-112345365785.europe-west2.cloudfunctions.appspot.com/f37b108d-629c-4856-a463-d302b044e669.zip?GoogleAccessId=service-112345365785@gcf-admin-robot.iam.gserviceaccount.com&Expires=1782820966&Signature=U2CznQe4kJjkpkNKG8oBqRxlJkgcr3G1Hmoo%2F%2FvW%2FIXekSNEG02r%2F9hPgfxNJwUYsZF4FES4Sn4wCZRlJU%2F0kae5smNJPpQjDpz7wpr8Rre%2FSjT%2FSwX1gJwL7VTs88JsuiD%2BIIu0Nmodvv%2By0tWqACkEAO4kagQqiwL9gZ5Ugwtcp7fP8Bxp25fWQt6s17i7Mb5bSxgE940YEdONXe39SDyMNYW864TBnMx7s2VvNlO2BEWi02lWjHCqKpTXh73iRseXyPUojT%2BPG8Mt1Tx53h10G7KWjW8m09cCM7RPAwb4KAhwTHLvF%2F2URiMwA2gm0r1eaiOoS1ViN%2ByzPsnd%2FQ%3D%3D","storageSource":{"bucket":"gcf-v2-uploads-112345365785.europe-west2.cloudfunctions.appspot.com","object":"f37b108d-629c-4856-a463-d302b044e669.zip"}}
[debug] [2026-06-30T11:32:48.028Z] >>> [apiv2][query] PUT https://storage.googleapis.com/gcf-v2-uploads-112345365785.europe-west2.cloudfunctions.appspot.com/f37b108d-629c-4856-a463-d302b044e669.zip GoogleAccessId=service-112345365785%40gcf-admin-robot.iam.gserviceaccount.com&Expires=1782820966&Signature=U2CznQe4kJjkpkNKG8oBqRxlJkgcr3G1Hmoo%2F%2FvW%2FIXekSNEG02r%2F9hPgfxNJwUYsZF4FES4Sn4wCZRlJU%2F0kae5smNJPpQjDpz7wpr8Rre%2FSjT%2FSwX1gJwL7VTs88JsuiD%2BIIu0Nmodvv%2By0tWqACkEAO4kagQqiwL9gZ5Ugwtcp7fP8Bxp25fWQt6s17i7Mb5bSxgE940YEdONXe39SDyMNYW864TBnMx7s2VvNlO2BEWi02lWjHCqKpTXh73iRseXyPUojT%2BPG8Mt1Tx53h10G7KWjW8m09cCM7RPAwb4KAhwTHLvF%2F2URiMwA2gm0r1eaiOoS1ViN%2ByzPsnd%2FQ%3D%3D
[debug] [2026-06-30T11:32:48.028Z] >>> [apiv2][body] PUT https://storage.googleapis.com/gcf-v2-uploads-112345365785.europe-west2.cloudfunctions.appspot.com/f37b108d-629c-4856-a463-d302b044e669.zip [stream]
[debug] [2026-06-30T11:32:48.154Z] <<< [apiv2][status] PUT https://storage.googleapis.com/gcf-v2-uploads-112345365785.europe-west2.cloudfunctions.appspot.com/f37b108d-629c-4856-a463-d302b044e669.zip 200
[debug] [2026-06-30T11:32:48.154Z] <<< [apiv2][body] PUT https://storage.googleapis.com/gcf-v2-uploads-112345365785.europe-west2.cloudfunctions.appspot.com/f37b108d-629c-4856-a463-d302b044e669.zip [omitted]
[info] +  functions: functions source uploaded successfully 
[info] 
The following functions are found in your project but do not exist in your local source code:
	checkEmailAvailable(europe-west2)
	seedHotspots(europe-west2)

If you are renaming a function or changing its region, it is recommended that you create the new function first before deleting the old one to prevent event loss. For more info, visit https://firebase.google.com/docs/functions/manage-functions#modify

[info] i  functions: creating Node.js 24 (2nd Gen) function onNewTicket(europe-west2)... 
[info] i  functions: creating Node.js 24 (2nd Gen) function onTicketUpdated(europe-west2)... 
[debug] [2026-06-30T11:33:39.004Z] Checked if tokens are valid: true, expires at: 1782820700169
[debug] [2026-06-30T11:33:39.058Z] Checked if tokens are valid: true, expires at: 1782820700169
[debug] [2026-06-30T11:33:39.103Z] >>> [apiv2][query] POST https://cloudfunctions.googleapis.com/v2/projects/ferro-maps-staging-v2/locations/europe-west2/functions functionId=onNewTicket
[debug] [2026-06-30T11:33:39.103Z] >>> [apiv2][body] POST https://cloudfunctions.googleapis.com/v2/projects/ferro-maps-staging-v2/locations/europe-west2/functions {"name":"projects/ferro-maps-staging-v2/locations/europe-west2/functions/onNewTicket","buildConfig":{"runtime":"nodejs24","entryPoint":"onNewTicket","source":{"storageSource":{"bucket":"gcf-v2-uploads-112345365785.europe-west2.cloudfunctions.appspot.com","object":"f37b108d-629c-4856-a463-d302b044e669.zip"}},"environmentVariables":{"GOOGLE_NODE_RUN_SCRIPTS":""}},"serviceConfig":{"environmentVariables":{"FIREBASE_CONFIG":"{\"projectId\":\"ferro-maps-staging-v2\",\"storageBucket\":\"ferro-maps-staging-v2.firebasestorage.app\"}","GCLOUD_PROJECT":"ferro-maps-staging-v2","EVENTARC_CLOUD_EVENT_SOURCE":"projects/ferro-maps-staging-v2/locations/europe-west2/services/onNewTicket","FUNCTION_SIGNATURE_TYPE":"cloudevent","FUNCTION_TARGET":"onNewTicket","LOG_EXECUTION_ID":"true"},"secretEnvironmentVariables":[{"key":"SENDGRID_API_KEY","secret":"SENDGRID_API_KEY","projectId":"ferro-maps-staging-v2","version":"1"}],"ingressSettings":null,"timeoutSeconds":null,"serviceAccountEmail":null,"availableMemory":"256Mi","minInstanceCount":null,"maxInstanceCount":10,"maxInstanceRequestConcurrency":80,"availableCpu":"1","vpcConnector":null,"vpcConnectorEgressSettings":null,"directVpcNetworkInterface":null,"directVpcEgress":null},"labels":{"deployment-tool":"cli-firebase","firebase-functions-hash":"2eb3b2ee7d00461dd22b30587b4383980e5e4e86"},"eventTrigger":{"eventType":"google.cloud.firestore.document.v1.created","retryPolicy":"RETRY_POLICY_DO_NOT_RETRY","eventFilters":[{"attribute":"database","value":"(default)"},{"attribute":"namespace","value":"(default)"},{"attribute":"document","value":"supportRequests/{ticketId}","operator":"match-path-pattern"}],"triggerRegion":"europe-west2"}}
[debug] [2026-06-30T11:33:56.328Z] <<< [apiv2][status] POST https://cloudfunctions.googleapis.com/v2/projects/ferro-maps-staging-v2/locations/europe-west2/functions 400
[debug] [2026-06-30T11:33:56.328Z] <<< [apiv2][body] POST https://cloudfunctions.googleapis.com/v2/projects/ferro-maps-staging-v2/locations/europe-west2/functions {"error":{"code":400,"message":"Validation failed for trigger projects/ferro-maps-staging-v2/locations/europe-west2/triggers/onnewticket-295726: Invalid resource state for \"\": Permission denied while using the Eventarc Service Agent. If you recently started to use Eventarc, it may take a few minutes before all necessary permissions are propagated to the Service Agent. Otherwise, verify that it has Eventarc Service Agent role.","status":"FAILED_PRECONDITION"}}
[warn] !  functions: Request to https://cloudfunctions.googleapis.com/v2/projects/ferro-maps-staging-v2/locations/europe-west2/functions?functionId=onNewTicket had HTTP Error: 400, Validation failed for trigger projects/ferro-maps-staging-v2/locations/europe-west2/triggers/onnewticket-295726: Invalid resource state for "": Permission denied while using the Eventarc Service Agent. If you recently started to use Eventarc, it may take a few minutes before all necessary permissions are propagated to the Service Agent. Otherwise, verify that it has Eventarc Service Agent role. 
[warn] !  functions: Since this is your first time using 2nd gen functions, we need a little bit longer to finish setting everything up. Retry the deployment in a few minutes. 
[warn] !  functions:  failed to create function projects/ferro-maps-staging-v2/locations/europe-west2/functions/onNewTicket 
[error] Failed to create function projects/ferro-maps-staging-v2/locations/europe-west2/functions/onNewTicket
[debug] [2026-06-30T11:33:56.340Z] Checked if tokens are valid: true, expires at: 1782820700169
[debug] [2026-06-30T11:33:56.340Z] Checked if tokens are valid: true, expires at: 1782820700169
[debug] [2026-06-30T11:33:56.341Z] >>> [apiv2][query] POST https://cloudfunctions.googleapis.com/v2/projects/ferro-maps-staging-v2/locations/europe-west2/functions functionId=onTicketUpdated
[debug] [2026-06-30T11:33:56.341Z] >>> [apiv2][body] POST https://cloudfunctions.googleapis.com/v2/projects/ferro-maps-staging-v2/locations/europe-west2/functions {"name":"projects/ferro-maps-staging-v2/locations/europe-west2/functions/onTicketUpdated","buildConfig":{"runtime":"nodejs24","entryPoint":"onTicketUpdated","source":{"storageSource":{"bucket":"gcf-v2-uploads-112345365785.europe-west2.cloudfunctions.appspot.com","object":"f37b108d-629c-4856-a463-d302b044e669.zip"}},"environmentVariables":{"GOOGLE_NODE_RUN_SCRIPTS":""}},"serviceConfig":{"environmentVariables":{"FIREBASE_CONFIG":"{\"projectId\":\"ferro-maps-staging-v2\",\"storageBucket\":\"ferro-maps-staging-v2.firebasestorage.app\"}","GCLOUD_PROJECT":"ferro-maps-staging-v2","EVENTARC_CLOUD_EVENT_SOURCE":"projects/ferro-maps-staging-v2/locations/europe-west2/services/onTicketUpdated","FUNCTION_SIGNATURE_TYPE":"cloudevent","FUNCTION_TARGET":"onTicketUpdated","LOG_EXECUTION_ID":"true"},"secretEnvironmentVariables":[{"key":"SENDGRID_API_KEY","secret":"SENDGRID_API_KEY","projectId":"ferro-maps-staging-v2","version":"1"}],"ingressSettings":null,"timeoutSeconds":null,"serviceAccountEmail":null,"availableMemory":"256Mi","minInstanceCount":null,"maxInstanceCount":10,"maxInstanceRequestConcurrency":80,"availableCpu":"1","vpcConnector":null,"vpcConnectorEgressSettings":null,"directVpcNetworkInterface":null,"directVpcEgress":null},"labels":{"deployment-tool":"cli-firebase","firebase-functions-hash":"2eb3b2ee7d00461dd22b30587b4383980e5e4e86"},"eventTrigger":{"eventType":"google.cloud.firestore.document.v1.updated","retryPolicy":"RETRY_POLICY_DO_NOT_RETRY","eventFilters":[{"attribute":"database","value":"(default)"},{"attribute":"namespace","value":"(default)"},{"attribute":"document","value":"supportRequests/{ticketId}","operator":"match-path-pattern"}],"triggerRegion":"europe-west2"}}
[debug] [2026-06-30T11:34:11.996Z] <<< [apiv2][status] POST https://cloudfunctions.googleapis.com/v2/projects/ferro-maps-staging-v2/locations/europe-west2/functions 400
[debug] [2026-06-30T11:34:11.997Z] <<< [apiv2][body] POST https://cloudfunctions.googleapis.com/v2/projects/ferro-maps-staging-v2/locations/europe-west2/functions {"error":{"code":400,"message":"Validation failed for trigger projects/ferro-maps-staging-v2/locations/europe-west2/triggers/onticketupdated-496322: Invalid resource state for \"\": Permission denied while using the Eventarc Service Agent. If you recently started to use Eventarc, it may take a few minutes before all necessary permissions are propagated to the Service Agent. Otherwise, verify that it has Eventarc Service Agent role.","status":"FAILED_PRECONDITION"}}
[warn] !  functions: Request to https://cloudfunctions.googleapis.com/v2/projects/ferro-maps-staging-v2/locations/europe-west2/functions?functionId=onTicketUpdated had HTTP Error: 400, Validation failed for trigger projects/ferro-maps-staging-v2/locations/europe-west2/triggers/onticketupdated-496322: Invalid resource state for "": Permission denied while using the Eventarc Service Agent. If you recently started to use Eventarc, it may take a few minutes before all necessary permissions are propagated to the Service Agent. Otherwise, verify that it has Eventarc Service Agent role. 
[warn] !  functions: Since this is your first time using 2nd gen functions, we need a little bit longer to finish setting everything up. Retry the deployment in a few minutes. 
[warn] !  functions:  failed to create function projects/ferro-maps-staging-v2/locations/europe-west2/functions/onTicketUpdated 
[error] Failed to create function projects/ferro-maps-staging-v2/locations/europe-west2/functions/onTicketUpdated
[warn] !  functions: Deploys failed. Skipping deletes. 
[debug] [2026-06-30T11:34:12.139Z] Total Function Deployment time: 33219
[debug] [2026-06-30T11:34:12.139Z] 2 Functions Deployed
[debug] [2026-06-30T11:34:12.139Z] 2 Functions Errored
[debug] [2026-06-30T11:34:12.140Z] 0 Function Deployments Aborted
[debug] [2026-06-30T11:34:12.149Z] Average Function Deployment time: 25272.5
[info] 
[info] Functions deploy had errors with the following functions:
	onNewTicket(europe-west2)
	onTicketUpdated(europe-west2)
[debug] [2026-06-30T11:34:12.246Z] Checked if tokens are valid: true, expires at: 1782820700169
[debug] [2026-06-30T11:34:12.250Z] Checked if tokens are valid: true, expires at: 1782820700169
[debug] [2026-06-30T11:34:12.251Z] >>> [apiv2][query] GET https://artifactregistry.googleapis.com/v1/projects/ferro-maps-staging-v2/locations/europe-west2/repositories/gcf-artifacts [none]
[debug] [2026-06-30T11:34:12.656Z] <<< [apiv2][status] GET https://artifactregistry.googleapis.com/v1/projects/ferro-maps-staging-v2/locations/europe-west2/repositories/gcf-artifacts 200
[debug] [2026-06-30T11:34:12.657Z] <<< [apiv2][body] GET https://artifactregistry.googleapis.com/v1/projects/ferro-maps-staging-v2/locations/europe-west2/repositories/gcf-artifacts {"name":"projects/ferro-maps-staging-v2/locations/europe-west2/repositories/gcf-artifacts","format":"DOCKER","description":"This repository is created and used by Cloud Functions for storing function docker images.","labels":{"goog-managed-by":"cloudfunctions"},"createTime":"2026-05-26T20:57:13.399362Z","updateTime":"2026-06-03T13:51:32.895808Z","mode":"STANDARD_REPOSITORY","cleanupPolicies":{"firebase-functions-cleanup":{"id":"firebase-functions-cleanup","action":"DELETE","condition":{"tagState":"ANY","olderThan":"86400s"}}},"satisfiesPzs":true,"vulnerabilityScanningConfig":{"lastEnableTime":"2026-05-26T20:56:51.832921550Z","enablementState":"SCANNING_DISABLED","enablementStateReason":"API containerscanning.googleapis.com is not enabled."},"satisfiesPzi":true,"registryUri":"europe-west2-docker.pkg.dev/ferro-maps-staging-v2/gcf-artifacts"}
[debug] [2026-06-30T11:34:12.658Z] Functions deploy failed.
[debug] [2026-06-30T11:34:12.660Z] {
  "endpoint": {
    "id": "onNewTicket",
    "project": "ferro-maps-staging-v2",
    "region": "europe-west2",
    "entryPoint": "onNewTicket",
    "platform": "gcfv2",
    "runtime": "nodejs24",
    "eventTrigger": {
      "eventType": "google.cloud.firestore.document.v1.created",
      "retry": false,
      "eventFilters": {
        "database": "(default)",
        "namespace": "(default)"
      },
      "eventFilterPathPatterns": {
        "document": "supportRequests/{ticketId}"
      },
      "region": "europe-west2"
    },
    "labels": {
      "deployment-tool": "cli-firebase"
    },
    "secretEnvironmentVariables": [
      {
        "key": "SENDGRID_API_KEY",
        "secret": "SENDGRID_API_KEY",
        "projectId": "ferro-maps-staging-v2",
        "version": "1"
      }
    ],
    "serviceAccount": null,
    "ingressSettings": null,
    "availableMemoryMb": null,
    "timeoutSeconds": null,
    "maxInstances": 10,
    "minInstances": null,
    "concurrency": 80,
    "vpc": null,
    "environmentVariables": {
      "FIREBASE_CONFIG": "{\"projectId\":\"ferro-maps-staging-v2\",\"storageBucket\":\"ferro-maps-staging-v2.firebasestorage.app\"}",
      "GCLOUD_PROJECT": "ferro-maps-staging-v2",
      "EVENTARC_CLOUD_EVENT_SOURCE": "projects/ferro-maps-staging-v2/locations/europe-west2/services/onNewTicket"
    },
    "codebase": "default",
    "cpu": 1,
    "targetedByOnly": false,
    "hash": "2eb3b2ee7d00461dd22b30587b4383980e5e4e86"
  },
  "op": "create",
  "original": {
    "name": "FirebaseError",
    "children": [],
    "context": {
      "function": "projects/ferro-maps-staging-v2/locations/europe-west2/functions/onNewTicket"
    },
    "exit": 1,
    "message": "Failed to create function projects/ferro-maps-staging-v2/locations/europe-west2/functions/onNewTicket",
    "original": {
      "name": "FirebaseError",
      "children": [],
      "context": {
        "body": {
          "error": {
            "code": 400,
            "message": "Validation failed for trigger projects/ferro-maps-staging-v2/locations/europe-west2/triggers/onnewticket-295726: Invalid resource state for \"\": Permission denied while using the Eventarc Service Agent. If you recently started to use Eventarc, it may take a few minutes before all necessary permissions are propagated to the Service Agent. Otherwise, verify that it has Eventarc Service Agent role.",
            "status": "FAILED_PRECONDITION"
          }
        },
        "response": {
          "statusCode": 400
        }
      },
      "exit": 1,
      "message": "Request to https://cloudfunctions.googleapis.com/v2/projects/ferro-maps-staging-v2/locations/europe-west2/functions?functionId=onNewTicket had HTTP Error: 400, Validation failed for trigger projects/ferro-maps-staging-v2/locations/europe-west2/triggers/onnewticket-295726: Invalid resource state for \"\": Permission denied while using the Eventarc Service Agent. If you recently started to use Eventarc, it may take a few minutes before all necessary permissions are propagated to the Service Agent. Otherwise, verify that it has Eventarc Service Agent role.",
      "status": 400
    },
    "status": 400,
    "code": 400
  }
}
[debug] [2026-06-30T11:34:12.660Z] {
  "endpoint": {
    "id": "onTicketUpdated",
    "project": "ferro-maps-staging-v2",
    "region": "europe-west2",
    "entryPoint": "onTicketUpdated",
    "platform": "gcfv2",
    "runtime": "nodejs24",
    "eventTrigger": {
      "eventType": "google.cloud.firestore.document.v1.updated",
      "retry": false,
      "eventFilters": {
        "database": "(default)",
        "namespace": "(default)"
      },
      "eventFilterPathPatterns": {
        "document": "supportRequests/{ticketId}"
      },
      "region": "europe-west2"
    },
    "labels": {
      "deployment-tool": "cli-firebase"
    },
    "secretEnvironmentVariables": [
      {
        "key": "SENDGRID_API_KEY",
        "secret": "SENDGRID_API_KEY",
        "projectId": "ferro-maps-staging-v2",
        "version": "1"
      }
    ],
    "serviceAccount": null,
    "ingressSettings": null,
    "availableMemoryMb": null,
    "timeoutSeconds": null,
    "maxInstances": 10,
    "minInstances": null,
    "concurrency": 80,
    "vpc": null,
    "environmentVariables": {
      "FIREBASE_CONFIG": "{\"projectId\":\"ferro-maps-staging-v2\",\"storageBucket\":\"ferro-maps-staging-v2.firebasestorage.app\"}",
      "GCLOUD_PROJECT": "ferro-maps-staging-v2",
      "EVENTARC_CLOUD_EVENT_SOURCE": "projects/ferro-maps-staging-v2/locations/europe-west2/services/onTicketUpdated"
    },
    "codebase": "default",
    "cpu": 1,
    "targetedByOnly": false,
    "hash": "2eb3b2ee7d00461dd22b30587b4383980e5e4e86"
  },
  "op": "create",
  "original": {
    "name": "FirebaseError",
    "children": [],
    "context": {
      "function": "projects/ferro-maps-staging-v2/locations/europe-west2/functions/onTicketUpdated"
    },
    "exit": 1,
    "message": "Failed to create function projects/ferro-maps-staging-v2/locations/europe-west2/functions/onTicketUpdated",
    "original": {
      "name": "FirebaseError",
      "children": [],
      "context": {
        "body": {
          "error": {
            "code": 400,
            "message": "Validation failed for trigger projects/ferro-maps-staging-v2/locations/europe-west2/triggers/onticketupdated-496322: Invalid resource state for \"\": Permission denied while using the Eventarc Service Agent. If you recently started to use Eventarc, it may take a few minutes before all necessary permissions are propagated to the Service Agent. Otherwise, verify that it has Eventarc Service Agent role.",
            "status": "FAILED_PRECONDITION"
          }
        },
        "response": {
          "statusCode": 400
        }
      },
      "exit": 1,
      "message": "Request to https://cloudfunctions.googleapis.com/v2/projects/ferro-maps-staging-v2/locations/europe-west2/functions?functionId=onTicketUpdated had HTTP Error: 400, Validation failed for trigger projects/ferro-maps-staging-v2/locations/europe-west2/triggers/onticketupdated-496322: Invalid resource state for \"\": Permission denied while using the Eventarc Service Agent. If you recently started to use Eventarc, it may take a few minutes before all necessary permissions are propagated to the Service Agent. Otherwise, verify that it has Eventarc Service Agent role.",
      "status": 400
    },
    "status": 400,
    "code": 400
  }
}
[error] Error: There was an error deploying functions:
[error] - Error Failed to create function onNewTicket in region europe-west2
[error] - Error Failed to create function onTicketUpdated in region europe-west2
